This is pdfTeX, Version 3.14159265-2.6-1.40.20 (TeX Live 2019) (preloaded format=pdflatex 2019.12.5)  4 JUL 2024 15:10
entering extended mode
 restricted \write18 enabled.
 file:line:error style messages enabled.
 %&-line parsing enabled.
**/Users/jcr/Documents/Projetos/SmartLegislator/Drafter-/Drafter+-relatorio
(/Users/jcr/Documents/Projetos/SmartLegislator/Drafter-/Drafter+-relatorio.tex
LaTeX2e <2018-12-01>
(/usr/local/texlive/2019/texmf-dist/tex/latex/base/report.cls
Document Class: report 2018/09/03 v1.4i Standard LaTeX document class
(/usr/local/texlive/2019/texmf-dist/tex/latex/base/size12.clo
File: size12.clo 2018/09/03 v1.4i Standard LaTeX file (size option)
)
\c@part=\count80
\c@chapter=\count81
\c@section=\count82
\c@subsection=\count83
\c@subsubsection=\count84
\c@paragraph=\count85
\c@subparagraph=\count86
\c@figure=\count87
\c@table=\count88
\abovecaptionskip=\skip41
\belowcaptionskip=\skip42
\bibindent=\dimen102
) (/usr/local/texlive/2019/texmf-dist/tex/generic/babel/babel.sty
Package: babel 2019/05/04 3.31 The Babel package
 (/usr/local/texlive/2019/texmf-dist/tex/generic/babel/switch.def
File: switch.def 2019/05/04 3.31 Babel switching mechanism
) (/usr/local/texlive/2019/texmf-dist/tex/generic/babel-portuges/portuges.ldf
Language: portuges 2008/03/18 v1.2q Portuguese support from the babel system
 (/usr/local/texlive/2019/texmf-dist/tex/generic/babel/babel.def
File: babel.def 2019/05/04 3.31 Babel common definitions
\babel@savecnt=\count89
\U@D=\dimen103
 (/usr/local/texlive/2019/texmf-dist/tex/generic/babel/txtbabel.def)
\bbl@dirlevel=\count90
)
Package babel Info: Making " an active character on input line 145.
)) (/usr/local/texlive/2019/texmf-dist/tex/latex/base/inputenc.sty
Package: inputenc 2018/08/11 v1.3c Input encoding file
\inpenc@prehook=\toks14
\inpenc@posthook=\toks15
) (/usr/local/texlive/2019/texmf-dist/tex/latex/base/t1enc.sty
Package: t1enc 1994/06/01 Standard LaTeX package
) (/usr/local/texlive/2019/texmf-dist/tex/latex/fancyhdr/fancyhdr.sty
Package: fancyhdr 2019/01/31 v3.10 Extensive control of page headers and footers
\f@nch@headwidth=\skip43
\f@nch@O@elh=\skip44
\f@nch@O@erh=\skip45
\f@nch@O@olh=\skip46
\f@nch@O@orh=\skip47
\f@nch@O@elf=\skip48
\f@nch@O@erf=\skip49
\f@nch@O@olf=\skip50
\f@nch@O@orf=\skip51
) (/usr/local/texlive/2019/texmf-dist/tex/latex/psnfss/times.sty
Package: times 2005/04/12 PSNFSS-v9.2a (SPQR) 
) (/usr/local/texlive/2019/texmf-dist/tex/latex/base/alltt.sty
Package: alltt 1997/06/16 v2.0g defines alltt environment
) (/usr/local/texlive/2019/texmf-dist/tex/latex/graphics/graphicx.sty
Package: graphicx 2017/06/01 v1.1a Enhanced LaTeX Graphics (DPC,SPQR)
 (/usr/local/texlive/2019/texmf-dist/tex/latex/graphics/keyval.sty
Package: keyval 2014/10/28 v1.15 key=value parser (DPC)
\KV@toks@=\toks16
) (/usr/local/texlive/2019/texmf-dist/tex/latex/graphics/graphics.sty
Package: graphics 2017/06/25 v1.2c Standard LaTeX Graphics (DPC,SPQR)
 (/usr/local/texlive/2019/texmf-dist/tex/latex/graphics/trig.sty
Package: trig 2016/01/03 v1.10 sin cos tan (DPC)
) (/usr/local/texlive/2019/texmf-dist/tex/latex/graphics-cfg/graphics.cfg
File: graphics.cfg 2016/06/04 v1.11 sample graphics configuration
)
Package graphics Info: Driver file: pdftex.def on input line 99.
 (/usr/local/texlive/2019/texmf-dist/tex/latex/graphics-def/pdftex.def
File: pdftex.def 2018/01/08 v1.0l Graphics/color driver for pdftex
))
\Gin@req@height=\dimen104
\Gin@req@width=\dimen105
) (/usr/local/texlive/2019/texmf-dist/tex/latex/fancyvrb/fancyvrb.sty
Package: fancyvrb 2019/01/15
 Style option: `fancyvrb' v3.2a <2019/01/15> (tvz)
\FV@CodeLineNo=\count91
\FV@InFile=\read1
\FV@TabBox=\box27
\c@FancyVerbLine=\count92
\FV@StepNumber=\count93
\FV@OutFile=\write3
) (/usr/local/texlive/2019/texmf-dist/tex/latex/url/url.sty
\Urlmuskip=\muskip10
Package: url 2013/09/16  ver 3.4  Verb mode for urls, etc.
) (/usr/local/texlive/2019/texmf-dist/tex/latex/multirow/multirow.sty
Package: multirow 2019/01/01 v2.4 Span multiple rows of a table
\multirow@colwidth=\skip52
\multirow@cntb=\count94
\multirow@dima=\skip53
\bigstrutjot=\dimen106
) (/usr/local/texlive/2019/texmf-dist/tex/latex/geometry/geometry.sty
Package: geometry 2018/04/16 v5.8 Page Geometry
 (/usr/local/texlive/2019/texmf-dist/tex/generic/oberdiek/ifpdf.sty
Package: ifpdf 2018/09/07 v3.3 Provides the ifpdf switch
) (/usr/local/texlive/2019/texmf-dist/tex/generic/oberdiek/ifvtex.sty
Package: ifvtex 2016/05/16 v1.6 Detect VTeX and its facilities (HO)
Package ifvtex Info: VTeX not detected.
) (/usr/local/texlive/2019/texmf-dist/tex/generic/ifxetex/ifxetex.sty
Package: ifxetex 2010/09/12 v0.6 Provides ifxetex conditional
)
\Gm@cnth=\count95
\Gm@cntv=\count96
\c@Gm@tempcnt=\count97
\Gm@bindingoffset=\dimen107
\Gm@wd@mp=\dimen108
\Gm@odd@mp=\dimen109
\Gm@even@mp=\dimen110
\Gm@layoutwidth=\dimen111
\Gm@layoutheight=\dimen112
\Gm@layouthoffset=\dimen113
\Gm@layoutvoffset=\dimen114
\Gm@dimlist=\toks17
) (/usr/local/texlive/2019/texmf-dist/tex/latex/fncychap/fncychap.sty
Package: fncychap 2007/07/30 v1.34 LaTeX package (Revised chapters)
\RW=\skip54
\mylen=\skip55
\myhi=\skip56
\px=\skip57
\py=\skip58
\pyy=\skip59
\pxx=\skip60
) (/usr/local/texlive/2019/texmf-dist/tex/latex/setspace/setspace.sty
Package: setspace 2011/12/19 v6.7a set line spacing
) (/usr/local/texlive/2019/texmf-dist/tex/latex/quoting/quoting.sty
Package: quoting 2014/01/28 v0.1c Consolidated environment for displayed text
 (/usr/local/texlive/2019/texmf-dist/tex/latex/etoolbox/etoolbox.sty
Package: etoolbox 2018/08/19 v2.5f e-TeX tools for LaTeX (JAW)
\etb@tempcnta=\count98
) (/usr/local/texlive/2019/texmf-dist/tex/latex/oberdiek/kvoptions.sty
Package: kvoptions 2016/05/16 v3.12 Key value format for package options (HO)
 (/usr/local/texlive/2019/texmf-dist/tex/generic/oberdiek/ltxcmds.sty
Package: ltxcmds 2016/05/16 v1.23 LaTeX kernel commands for general use (HO)
) (/usr/local/texlive/2019/texmf-dist/tex/generic/oberdiek/kvsetkeys.sty
Package: kvsetkeys 2016/05/16 v1.17 Key value parser (HO)
 (/usr/local/texlive/2019/texmf-dist/tex/generic/oberdiek/infwarerr.sty
Package: infwarerr 2016/05/16 v1.4 Providing info/warning/error messages (HO)
) (/usr/local/texlive/2019/texmf-dist/tex/generic/oberdiek/etexcmds.sty
Package: etexcmds 2016/05/16 v1.6 Avoid name clashes with e-TeX commands (HO)
 (/usr/local/texlive/2019/texmf-dist/tex/generic/oberdiek/ifluatex.sty
Package: ifluatex 2016/05/16 v1.4 Provides the ifluatex switch (HO)
Package ifluatex Info: LuaTeX not detected.
))))
\quo@toppartop=\skip61
) (/usr/local/texlive/2019/texmf-dist/tex/latex/hyperref/hyperref.sty
Package: hyperref 2018/11/30 v6.88e Hypertext links for LaTeX
 (/usr/local/texlive/2019/texmf-dist/tex/generic/oberdiek/hobsub-hyperref.sty
Package: hobsub-hyperref 2016/05/16 v1.14 Bundle oberdiek, subset hyperref (HO)
 (/usr/local/texlive/2019/texmf-dist/tex/generic/oberdiek/hobsub-generic.sty
Package: hobsub-generic 2016/05/16 v1.14 Bundle oberdiek, subset generic (HO)
Package: hobsub 2016/05/16 v1.14 Construct package bundles (HO)
Package hobsub Info: Skipping package `infwarerr' (already loaded).
Package hobsub Info: Skipping package `ltxcmds' (already loaded).
Package hobsub Info: Skipping package `ifluatex' (already loaded).
Package hobsub Info: Skipping package `ifvtex' (already loaded).
Package: intcalc 2016/05/16 v1.2 Expandable calculations with integers (HO)
Package hobsub Info: Skipping package `ifpdf' (already loaded).
Package hobsub Info: Skipping package `etexcmds' (already loaded).
Package hobsub Info: Skipping package `kvsetkeys' (already loaded).
Package: kvdefinekeys 2016/05/16 v1.4 Define keys (HO)
Package: pdftexcmds 2018/09/10 v0.29 Utility functions of pdfTeX for LuaTeX (HO)
Package pdftexcmds Info: LuaTeX not detected.
Package pdftexcmds Info: \pdf@primitive is available.
Package pdftexcmds Info: \pdf@ifprimitive is available.
Package pdftexcmds Info: \pdfdraftmode found.
Package: pdfescape 2016/05/16 v1.14 Implements pdfTeX's escape features (HO)
Package: bigintcalc 2016/05/16 v1.4 Expandable calculations on big integers (HO)
Package: bitset 2016/05/16 v1.2 Handle bit-vector datatype (HO)
Package: uniquecounter 2016/05/16 v1.3 Provide unlimited unique counter (HO)
)
Package hobsub Info: Skipping package `hobsub' (already loaded).
Package: letltxmacro 2016/05/16 v1.5 Let assignment for LaTeX macros (HO)
Package: hopatch 2016/05/16 v1.3 Wrapper for package hooks (HO)
Package: xcolor-patch 2016/05/16 xcolor patch
Package: atveryend 2016/05/16 v1.9 Hooks at the very end of document (HO)
Package: atbegshi 2016/06/09 v1.18 At begin shipout hook (HO)
Package: refcount 2016/05/16 v3.5 Data extraction from label references (HO)
Package: hycolor 2016/05/16 v1.8 Color options for hyperref/bookmark (HO)
) (/usr/local/texlive/2019/texmf-dist/tex/latex/oberdiek/auxhook.sty
Package: auxhook 2016/05/16 v1.4 Hooks for auxiliary files (HO)
)
\@linkdim=\dimen115
\Hy@linkcounter=\count99
\Hy@pagecounter=\count100
 (/usr/local/texlive/2019/texmf-dist/tex/latex/hyperref/pd1enc.def
File: pd1enc.def 2018/11/30 v6.88e Hyperref: PDFDocEncoding definition (HO)
Now handling font encoding PD1 ...
... no UTF-8 mapping file for font encoding PD1
)
\Hy@SavedSpaceFactor=\count101
 (/usr/local/texlive/2019/texmf-dist/tex/latex/latexconfig/hyperref.cfg
File: hyperref.cfg 2002/06/06 v1.2 hyperref configuration of TeXLive
)
Package hyperref Info: Option `colorlinks' set `true' on input line 4393.
Package hyperref Info: Hyper figures OFF on input line 4519.
Package hyperref Info: Link nesting OFF on input line 4524.
Package hyperref Info: Hyper index ON on input line 4527.
Package hyperref Info: Plain pages OFF on input line 4534.
Package hyperref Info: Backreferencing OFF on input line 4539.
Package hyperref Info: Implicit mode ON; LaTeX internals redefined.
Package hyperref Info: Bookmarks ON on input line 4772.
\c@Hy@tempcnt=\count102
LaTeX Info: Redefining \url on input line 5125.
\XeTeXLinkMargin=\dimen116
\Fld@menulength=\count103
\Field@Width=\dimen117
\Fld@charsize=\dimen118
Package hyperref Info: Hyper figures OFF on input line 6380.
Package hyperref Info: Link nesting OFF on input line 6385.
Package hyperref Info: Hyper index ON on input line 6388.
Package hyperref Info: backreferencing OFF on input line 6395.
Package hyperref Info: Link coloring ON on input line 6398.
Package hyperref Info: Link coloring with OCG OFF on input line 6405.
Package hyperref Info: PDF/A mode OFF on input line 6410.
LaTeX Info: Redefining \ref on input line 6450.
LaTeX Info: Redefining \pageref on input line 6454.
\Hy@abspage=\count104
\c@Item=\count105
\c@Hfootnote=\count106
)
Package hyperref Info: Driver: hpdftex.
 (/usr/local/texlive/2019/texmf-dist/tex/latex/hyperref/hpdftex.def
File: hpdftex.def 2018/11/30 v6.88e Hyperref driver for pdfTeX
\Fld@listcount=\count107
\c@bookmark@seq@number=\count108
 (/usr/local/texlive/2019/texmf-dist/tex/latex/oberdiek/rerunfilecheck.sty
Package: rerunfilecheck 2016/05/16 v1.8 Rerun checks for auxiliary files (HO)
Package uniquecounter Info: New unique counter `rerunfilecheck' on input line 282.
)
\Hy@SectionHShift=\skip62
) (/usr/local/texlive/2019/texmf-dist/tex/latex/tools/longtable.sty
Package: longtable 2014/10/28 v4.11 Multi-page Table package (DPC)+ FMi change
\LTleft=\skip63
\LTright=\skip64
\LTpre=\skip65
\LTpost=\skip66
\LTchunksize=\count109
\LTcapwidth=\dimen119
\LT@head=\box28
\LT@firsthead=\box29
\LT@foot=\box30
\LT@lastfoot=\box31
\LT@cols=\count110
\LT@rows=\count111
\c@LT@tables=\count112
\c@LT@chunks=\count113
\LT@p@ftn=\toks18
) (/usr/local/texlive/2019/texmf-dist/tex/latex/pgfgantt/pgfgantt.sty
Package: pgfgantt 2018/01/10 v5.0 Draw Gantt diagrams with TikZ
 (/usr/local/texlive/2019/texmf-dist/tex/latex/pgf/frontendlayer/tikz.sty (/usr/local/texlive/2019/texmf-dist/tex/latex/pgf/basiclayer/pgf.sty (/usr/local/texlive/2019/texmf-dist/tex/latex/pgf/utilities/pgfrcs.sty (/usr/local/texlive/2019/texmf-dist/tex/generic/pgf/utilities/pgfutil-common.tex
\pgfutil@everybye=\toks19
\pgfutil@tempdima=\dimen120
\pgfutil@tempdimb=\dimen121
 (/usr/local/texlive/2019/texmf-dist/tex/generic/pgf/utilities/pgfutil-common-lists.tex)) (/usr/local/texlive/2019/texmf-dist/tex/generic/pgf/utilities/pgfutil-latex.def
\pgfutil@abb=\box32
 (/usr/local/texlive/2019/texmf-dist/tex/latex/ms/everyshi.sty
Package: everyshi 2001/05/15 v3.00 EveryShipout Package (MS)
)) (/usr/local/texlive/2019/texmf-dist/tex/generic/pgf/utilities/pgfrcs.code.tex (/usr/local/texlive/2019/texmf-dist/tex/generic/pgf/pgf.revision.tex)
Package: pgfrcs 2019/04/04 v3.1.2 (3.1.2)
))
Package: pgf 2019/04/04 v3.1.2 (3.1.2)
 (/usr/local/texlive/2019/texmf-dist/tex/latex/pgf/basiclayer/pgfcore.sty (/usr/local/texlive/2019/texmf-dist/tex/latex/pgf/systemlayer/pgfsys.sty (/usr/local/texlive/2019/texmf-dist/tex/generic/pgf/systemlayer/pgfsys.code.tex
Package: pgfsys 2019/04/04 v3.1.2 (3.1.2)
 (/usr/local/texlive/2019/texmf-dist/tex/generic/pgf/utilities/pgfkeys.code.tex
\pgfkeys@pathtoks=\toks20
\pgfkeys@temptoks=\toks21
 (/usr/local/texlive/2019/texmf-dist/tex/generic/pgf/utilities/pgfkeysfiltered.code.tex
\pgfkeys@tmptoks=\toks22
))
\pgf@x=\dimen122
\pgf@y=\dimen123
\pgf@xa=\dimen124
\pgf@ya=\dimen125
\pgf@xb=\dimen126
\pgf@yb=\dimen127
\pgf@xc=\dimen128
\pgf@yc=\dimen129
\w@pgf@writea=\write4
\r@pgf@reada=\read2
\c@pgf@counta=\count114
\c@pgf@countb=\count115
\c@pgf@countc=\count116
\c@pgf@countd=\count117
\t@pgf@toka=\toks23
\t@pgf@tokb=\toks24
\t@pgf@tokc=\toks25
\pgf@sys@id@count=\count118
 (/usr/local/texlive/2019/texmf-dist/tex/generic/pgf/systemlayer/pgf.cfg
File: pgf.cfg 2019/04/04 v3.1.2 (3.1.2)
)
Driver file for pgf: pgfsys-pdftex.def
 (/usr/local/texlive/2019/texmf-dist/tex/generic/pgf/systemlayer/pgfsys-pdftex.def
File: pgfsys-pdftex.def 2019/04/04 v3.1.2 (3.1.2)
 (/usr/local/texlive/2019/texmf-dist/tex/generic/pgf/systemlayer/pgfsys-common-pdf.def
File: pgfsys-common-pdf.def 2019/04/04 v3.1.2 (3.1.2)
))) (/usr/local/texlive/2019/texmf-dist/tex/generic/pgf/systemlayer/pgfsyssoftpath.code.tex
File: pgfsyssoftpath.code.tex 2019/04/04 v3.1.2 (3.1.2)
\pgfsyssoftpath@smallbuffer@items=\count119
\pgfsyssoftpath@bigbuffer@items=\count120
) (/usr/local/texlive/2019/texmf-dist/tex/generic/pgf/systemlayer/pgfsysprotocol.code.tex
File: pgfsysprotocol.code.tex 2019/04/04 v3.1.2 (3.1.2)
)) (/usr/local/texlive/2019/texmf-dist/tex/latex/xcolor/xcolor.sty
Package: xcolor 2016/05/11 v2.12 LaTeX color extensions (UK)
 (/usr/local/texlive/2019/texmf-dist/tex/latex/graphics-cfg/color.cfg
File: color.cfg 2016/01/02 v1.6 sample color configuration
)
Package xcolor Info: Driver file: pdftex.def on input line 225.
Package xcolor Info: Model `cmy' substituted by `cmy0' on input line 1348.
Package xcolor Info: Model `hsb' substituted by `rgb' on input line 1352.
Package xcolor Info: Model `RGB' extended on input line 1364.
Package xcolor Info: Model `HTML' substituted by `rgb' on input line 1366.
Package xcolor Info: Model `Hsb' substituted by `hsb' on input line 1367.
Package xcolor Info: Model `tHsb' substituted by `hsb' on input line 1368.
Package xcolor Info: Model `HSB' substituted by `hsb' on input line 1369.
Package xcolor Info: Model `Gray' substituted by `gray' on input line 1370.
Package xcolor Info: Model `wave' substituted by `hsb' on input line 1371.
) (/usr/local/texlive/2019/texmf-dist/tex/generic/pgf/basiclayer/pgfcore.code.tex
Package: pgfcore 2019/04/04 v3.1.2 (3.1.2)
 (/usr/local/texlive/2019/texmf-dist/tex/generic/pgf/math/pgfmath.code.tex (/usr/local/texlive/2019/texmf-dist/tex/generic/pgf/math/pgfmathcalc.code.tex (/usr/local/texlive/2019/texmf-dist/tex/generic/pgf/math/pgfmathutil.code.tex) (/usr/local/texlive/2019/texmf-dist/tex/generic/pgf/math/pgfmathparser.code.tex
\pgfmath@dimen=\dimen130
\pgfmath@count=\count121
\pgfmath@box=\box33
\pgfmath@toks=\toks26
\pgfmath@stack@operand=\toks27
\pgfmath@stack@operation=\toks28
) (/usr/local/texlive/2019/texmf-dist/tex/generic/pgf/math/pgfmathfunctions.code.tex (/usr/local/texlive/2019/texmf-dist/tex/generic/pgf/math/pgfmathfunctions.basic.code.tex) (/usr/local/texlive/2019/texmf-dist/tex/generic/pgf/math/pgfmathfunctions.trigonometric.code.tex) (/usr/local/texlive/2019/texmf-dist/tex/generic/pgf/math/pgfmathfunctions.random.code.tex) (/usr/local/texlive/2019/texmf-dist/tex/generic/pgf/math/pgfmathfunctions.comparison.code.tex) (/usr/local/texlive/2019/texmf-dist/tex/generic/pgf/math/pgfmathfunctions.base.code.tex) (/usr/local/texlive/2019/texmf-dist/tex/generic/pgf/math/pgfmathfunctions.round.code.tex) (/usr/local/texlive/2019/texmf-dist/tex/generic/pgf/math/pgfmathfunctions.misc.code.tex) (/usr/local/texlive/2019/texmf-dist/tex/generic/pgf/math/pgfmathfunctions.integerarithmetics.code.tex))) (/usr/local/texlive/2019/texmf-dist/tex/generic/pgf/math/pgfmathfloat.code.tex
\c@pgfmathroundto@lastzeros=\count122
)) (/usr/local/texlive/2019/texmf-dist/tex/generic/pgf/basiclayer/pgfcorepoints.code.tex
File: pgfcorepoints.code.tex 2019/04/04 v3.1.2 (3.1.2)
\pgf@picminx=\dimen131
\pgf@picmaxx=\dimen132
\pgf@picminy=\dimen133
\pgf@picmaxy=\dimen134
\pgf@pathminx=\dimen135
\pgf@pathmaxx=\dimen136
\pgf@pathminy=\dimen137
\pgf@pathmaxy=\dimen138
\pgf@xx=\dimen139
\pgf@xy=\dimen140
\pgf@yx=\dimen141
\pgf@yy=\dimen142
\pgf@zx=\dimen143
\pgf@zy=\dimen144
) (/usr/local/texlive/2019/texmf-dist/tex/generic/pgf/basiclayer/pgfcorepathconstruct.code.tex
File: pgfcorepathconstruct.code.tex 2019/04/04 v3.1.2 (3.1.2)
\pgf@path@lastx=\dimen145
\pgf@path@lasty=\dimen146
) (/usr/local/texlive/2019/texmf-dist/tex/generic/pgf/basiclayer/pgfcorepathusage.code.tex
File: pgfcorepathusage.code.tex 2019/04/04 v3.1.2 (3.1.2)
\pgf@shorten@end@additional=\dimen147
\pgf@shorten@start@additional=\dimen148
) (/usr/local/texlive/2019/texmf-dist/tex/generic/pgf/basiclayer/pgfcorescopes.code.tex
File: pgfcorescopes.code.tex 2019/04/04 v3.1.2 (3.1.2)
\pgfpic=\box34
\pgf@hbox=\box35
\pgf@layerbox@main=\box36
\pgf@picture@serial@count=\count123
) (/usr/local/texlive/2019/texmf-dist/tex/generic/pgf/basiclayer/pgfcoregraphicstate.code.tex
File: pgfcoregraphicstate.code.tex 2019/04/04 v3.1.2 (3.1.2)
\pgflinewidth=\dimen149
) (/usr/local/texlive/2019/texmf-dist/tex/generic/pgf/basiclayer/pgfcoretransformations.code.tex
File: pgfcoretransformations.code.tex 2019/04/04 v3.1.2 (3.1.2)
\pgf@pt@x=\dimen150
\pgf@pt@y=\dimen151
\pgf@pt@temp=\dimen152
) (/usr/local/texlive/2019/texmf-dist/tex/generic/pgf/basiclayer/pgfcorequick.code.tex
File: pgfcorequick.code.tex 2019/04/04 v3.1.2 (3.1.2)
) (/usr/local/texlive/2019/texmf-dist/tex/generic/pgf/basiclayer/pgfcoreobjects.code.tex
File: pgfcoreobjects.code.tex 2019/04/04 v3.1.2 (3.1.2)
) (/usr/local/texlive/2019/texmf-dist/tex/generic/pgf/basiclayer/pgfcorepathprocessing.code.tex
File: pgfcorepathprocessing.code.tex 2019/04/04 v3.1.2 (3.1.2)
) (/usr/local/texlive/2019/texmf-dist/tex/generic/pgf/basiclayer/pgfcorearrows.code.tex
File: pgfcorearrows.code.tex 2019/04/04 v3.1.2 (3.1.2)
\pgfarrowsep=\dimen153
) (/usr/local/texlive/2019/texmf-dist/tex/generic/pgf/basiclayer/pgfcoreshade.code.tex
File: pgfcoreshade.code.tex 2019/04/04 v3.1.2 (3.1.2)
\pgf@max=\dimen154
\pgf@sys@shading@range@num=\count124
\pgf@shadingcount=\count125
) (/usr/local/texlive/2019/texmf-dist/tex/generic/pgf/basiclayer/pgfcoreimage.code.tex
File: pgfcoreimage.code.tex 2019/04/04 v3.1.2 (3.1.2)
 (/usr/local/texlive/2019/texmf-dist/tex/generic/pgf/basiclayer/pgfcoreexternal.code.tex
File: pgfcoreexternal.code.tex 2019/04/04 v3.1.2 (3.1.2)
\pgfexternal@startupbox=\box37
)) (/usr/local/texlive/2019/texmf-dist/tex/generic/pgf/basiclayer/pgfcorelayers.code.tex
File: pgfcorelayers.code.tex 2019/04/04 v3.1.2 (3.1.2)
) (/usr/local/texlive/2019/texmf-dist/tex/generic/pgf/basiclayer/pgfcoretransparency.code.tex
File: pgfcoretransparency.code.tex 2019/04/04 v3.1.2 (3.1.2)
) (/usr/local/texlive/2019/texmf-dist/tex/generic/pgf/basiclayer/pgfcorepatterns.code.tex
File: pgfcorepatterns.code.tex 2019/04/04 v3.1.2 (3.1.2)
) (/usr/local/texlive/2019/texmf-dist/tex/generic/pgf/basiclayer/pgfcorerdf.code.tex
File: pgfcorerdf.code.tex 2019/04/04 v3.1.2 (3.1.2)
))) (/usr/local/texlive/2019/texmf-dist/tex/generic/pgf/modules/pgfmoduleshapes.code.tex
File: pgfmoduleshapes.code.tex 2019/04/04 v3.1.2 (3.1.2)
\pgfnodeparttextbox=\box38
) (/usr/local/texlive/2019/texmf-dist/tex/generic/pgf/modules/pgfmoduleplot.code.tex
File: pgfmoduleplot.code.tex 2019/04/04 v3.1.2 (3.1.2)
) (/usr/local/texlive/2019/texmf-dist/tex/latex/pgf/compatibility/pgfcomp-version-0-65.sty
Package: pgfcomp-version-0-65 2019/04/04 v3.1.2 (3.1.2)
\pgf@nodesepstart=\dimen155
\pgf@nodesepend=\dimen156
) (/usr/local/texlive/2019/texmf-dist/tex/latex/pgf/compatibility/pgfcomp-version-1-18.sty
Package: pgfcomp-version-1-18 2019/04/04 v3.1.2 (3.1.2)
)) (/usr/local/texlive/2019/texmf-dist/tex/latex/pgf/utilities/pgffor.sty (/usr/local/texlive/2019/texmf-dist/tex/latex/pgf/utilities/pgfkeys.sty (/usr/local/texlive/2019/texmf-dist/tex/generic/pgf/utilities/pgfkeys.code.tex)) (/usr/local/texlive/2019/texmf-dist/tex/latex/pgf/math/pgfmath.sty (/usr/local/texlive/2019/texmf-dist/tex/generic/pgf/math/pgfmath.code.tex)) (/usr/local/texlive/2019/texmf-dist/tex/generic/pgf/utilities/pgffor.code.tex
Package: pgffor 2019/04/04 v3.1.2 (3.1.2)
 (/usr/local/texlive/2019/texmf-dist/tex/generic/pgf/math/pgfmath.code.tex)
\pgffor@iter=\dimen157
\pgffor@skip=\dimen158
\pgffor@stack=\toks29
\pgffor@toks=\toks30
)) (/usr/local/texlive/2019/texmf-dist/tex/generic/pgf/frontendlayer/tikz/tikz.code.tex
Package: tikz 2019/04/04 v3.1.2 (3.1.2)
 (/usr/local/texlive/2019/texmf-dist/tex/generic/pgf/libraries/pgflibraryplothandlers.code.tex
File: pgflibraryplothandlers.code.tex 2019/04/04 v3.1.2 (3.1.2)
\pgf@plot@mark@count=\count126
\pgfplotmarksize=\dimen159
)
\tikz@lastx=\dimen160
\tikz@lasty=\dimen161
\tikz@lastxsaved=\dimen162
\tikz@lastysaved=\dimen163
\tikzleveldistance=\dimen164
\tikzsiblingdistance=\dimen165
\tikz@figbox=\box39
\tikz@figbox@bg=\box40
\tikz@tempbox=\box41
\tikz@tempbox@bg=\box42
\tikztreelevel=\count127
\tikznumberofchildren=\count128
\tikznumberofcurrentchild=\count129
\tikz@fig@count=\count130
 (/usr/local/texlive/2019/texmf-dist/tex/generic/pgf/modules/pgfmodulematrix.code.tex
File: pgfmodulematrix.code.tex 2019/04/04 v3.1.2 (3.1.2)
\pgfmatrixcurrentrow=\count131
\pgfmatrixcurrentcolumn=\count132
\pgf@matrix@numberofcolumns=\count133
)
\tikz@expandcount=\count134
 (/usr/local/texlive/2019/texmf-dist/tex/generic/pgf/frontendlayer/tikz/libraries/tikzlibrarytopaths.code.tex
File: tikzlibrarytopaths.code.tex 2019/04/04 v3.1.2 (3.1.2)
))) (/usr/local/texlive/2019/texmf-dist/tex/generic/pgf/frontendlayer/tikz/libraries/tikzlibraryarrows.code.tex
File: tikzlibraryarrows.code.tex 2019/04/04 v3.1.2 (3.1.2)
 (/usr/local/texlive/2019/texmf-dist/tex/generic/pgf/libraries/pgflibraryarrows.code.tex
File: pgflibraryarrows.code.tex 2019/04/04 v3.1.2 (3.1.2)
\arrowsize=\dimen166
)) (/usr/local/texlive/2019/texmf-dist/tex/generic/pgf/frontendlayer/tikz/libraries/tikzlibrarybackgrounds.code.tex
File: tikzlibrarybackgrounds.code.tex 2019/04/04 v3.1.2 (3.1.2)
\pgf@layerbox@background=\box43
\pgf@layerboxsaved@background=\box44
) (/usr/local/texlive/2019/texmf-dist/tex/generic/pgf/frontendlayer/tikz/libraries/tikzlibrarycalc.code.tex
File: tikzlibrarycalc.code.tex 2019/04/04 v3.1.2 (3.1.2)
) (/usr/local/texlive/2019/texmf-dist/tex/generic/pgf/frontendlayer/tikz/libraries/tikzlibrarypatterns.code.tex
File: tikzlibrarypatterns.code.tex 2019/04/04 v3.1.2 (3.1.2)
 (/usr/local/texlive/2019/texmf-dist/tex/generic/pgf/libraries/pgflibrarypatterns.code.tex
File: pgflibrarypatterns.code.tex 2019/04/04 v3.1.2 (3.1.2)
)) (/usr/local/texlive/2019/texmf-dist/tex/generic/pgf/frontendlayer/tikz/libraries/tikzlibrarypositioning.code.tex
File: tikzlibrarypositioning.code.tex 2019/04/04 v3.1.2 (3.1.2)
) (/usr/local/texlive/2019/texmf-dist/tex/generic/pgf/frontendlayer/tikz/libraries/tikzlibraryshapes.geometric.code.tex
File: tikzlibraryshapes.geometric.code.tex 2019/04/04 v3.1.2 (3.1.2)
 (/usr/local/texlive/2019/texmf-dist/tex/generic/pgf/libraries/shapes/pgflibraryshapes.geometric.code.tex
File: pgflibraryshapes.geometric.code.tex 2019/04/04 v3.1.2 (3.1.2)
)) (/usr/local/texlive/2019/texmf-dist/tex/latex/pgf/utilities/pgfcalendar.sty (/usr/local/texlive/2019/texmf-dist/tex/generic/pgf/utilities/pgfcalendar.code.tex
File: pgfcalendar.code.tex 2019/04/04 v3.1.2 (3.1.2)
\pgfcalendarcurrentjulian=\count135
))
\gtt@currentline=\count136
\gtt@lasttitleline=\count137
\gtt@currgrid=\count138
\gtt@chartwidth=\count139
\gtt@lasttitleslot=\count140
\gtt@elementid=\count141
\gtt@today@slot=\count142
\gtt@startjulian=\count143
\gtt@endjulian=\count144
\gtt@chartid=\count145
\gtt@vrule@slot=\count146
\gtt@calendar@slots=\count147
\gtt@calendar@weeknumber=\count148
\gtt@calendar@startofweek=\count149
\gtt@left@slot=\count150
\gtt@right@slot=\count151
)
No file Drafter+-relatorio.aux.
\openout1 = `Drafter+-relatorio.aux'.

LaTeX Font Info:    Checking defaults for OML/cmm/m/it on input line 120.
LaTeX Font Info:    ... okay on input line 120.
LaTeX Font Info:    Checking defaults for T1/cmr/m/n on input line 120.
LaTeX Font Info:    ... okay on input line 120.
LaTeX Font Info:    Checking defaults for OT1/cmr/m/n on input line 120.
LaTeX Font Info:    ... okay on input line 120.
LaTeX Font Info:    Checking defaults for OMS/cmsy/m/n on input line 120.
LaTeX Font Info:    ... okay on input line 120.
LaTeX Font Info:    Checking defaults for OMX/cmex/m/n on input line 120.
LaTeX Font Info:    ... okay on input line 120.
LaTeX Font Info:    Checking defaults for U/cmr/m/n on input line 120.
LaTeX Font Info:    ... okay on input line 120.
LaTeX Font Info:    Checking defaults for PD1/pdf/m/n on input line 120.
LaTeX Font Info:    ... okay on input line 120.
LaTeX Font Info:    Try loading font information for T1+ptm on input line 120.
(/usr/local/texlive/2019/texmf-dist/tex/latex/psnfss/t1ptm.fd
File: t1ptm.fd 2001/06/04 font definitions for T1/ptm.
) (/usr/local/texlive/2019/texmf-dist/tex/context/base/mkii/supp-pdf.mkii
[Loading MPS to PDF converter (version 2006.09.02).]
\scratchcounter=\count152
\scratchdimen=\dimen167
\scratchbox=\box45
\nofMPsegments=\count153
\nofMParguments=\count154
\everyMPshowfont=\toks31
\MPscratchCnt=\count155
\MPscratchDim=\dimen168
\MPnumerator=\count156
\makeMPintoPDFobject=\count157
\everyMPtoPDFconversion=\toks32
) (/usr/local/texlive/2019/texmf-dist/tex/latex/oberdiek/epstopdf-base.sty
Package: epstopdf-base 2016/05/15 v2.6 Base part for package epstopdf
 (/usr/local/texlive/2019/texmf-dist/tex/latex/oberdiek/grfext.sty
Package: grfext 2016/05/16 v1.2 Manage graphics extensions (HO)
)
Package epstopdf-base Info: Redefining graphics rule for `.eps' on input line 438.
Package grfext Info: Graphics extension search list:
(grfext)             [.pdf,.png,.jpg,.mps,.jpeg,.jbig2,.jb2,.PDF,.PNG,.JPG,.JPEG,.JBIG2,.JB2,.eps]
(grfext)             \AppendGraphicsExtensions on input line 456.
 (/usr/local/texlive/2019/texmf-dist/tex/latex/latexconfig/epstopdf-sys.cfg
File: epstopdf-sys.cfg 2010/07/13 v1.3 Configuration of (r)epstopdf for TeX Live
))
*geometry* detected driver: pdftex
*geometry* verbose mode - [ preamble ] result:
* driver: pdftex
* paper: a4paper
* layout: <same size as paper>
* layoutoffset:(h,v)=(0.0pt,0.0pt)
* modes: twoside 
* h-part:(L,W,R)=(85.35826pt, 455.24408pt, 56.90553pt)
* v-part:(T,H,B)=(56.9055pt, 682.86613pt, 105.2752pt)
* \paperwidth=597.50787pt
* \paperheight=845.04684pt
* \textwidth=455.24408pt
* \textheight=682.86613pt
* \oddsidemargin=13.08827pt
* \evensidemargin=-15.36446pt
* \topmargin=-52.36449pt
* \headheight=12.0pt
* \headsep=25.0pt
* \topskip=12.0pt
* \footskip=30.0pt
* \marginparwidth=35.0pt
* \marginparsep=10.0pt
* \columnsep=10.0pt
* \skip\footins=10.8pt plus 4.0pt minus 2.0pt
* \hoffset=0.0pt
* \voffset=0.0pt
* \mag=1000
* \@twocolumnfalse
* \@twosidetrue
* \@mparswitchtrue
* \@reversemarginfalse
* (1in=72.27pt=25.4mm, 1cm=28.453pt)

\AtBeginShipoutBox=\box46
Package hyperref Info: Link coloring ON on input line 120.
(/usr/local/texlive/2019/texmf-dist/tex/latex/hyperref/nameref.sty
Package: nameref 2016/05/21 v2.44 Cross-referencing by name of section
 (/usr/local/texlive/2019/texmf-dist/tex/generic/oberdiek/gettitlestring.sty
Package: gettitlestring 2016/05/16 v1.5 Cleanup title references (HO)
)
\c@section@level=\count158
)
LaTeX Info: Redefining \ref on input line 120.
LaTeX Info: Redefining \pageref on input line 120.
LaTeX Info: Redefining \nameref on input line 120.
\@outlinefile=\write5
\openout5 = `Drafter+-relatorio.out'.

 ABD: EveryShipout initializing macros (./drafter-titulo.tex
LaTeX Font Info:    External font `cmex10' loaded for size
(Font)              <12> on input line 3.
LaTeX Font Info:    External font `cmex10' loaded for size
(Font)              <8> on input line 3.
LaTeX Font Info:    External font `cmex10' loaded for size
(Font)              <6> on input line 3.
<./eeng.png, id=7, 154.5775pt x 139.52126pt>
File: ./eeng.png Graphic file (type png)
<use ./eeng.png>
Package pdftex.def Info: ./eeng.png  used on input line 10.
(pdftex.def)             Requested size: 154.5771pt x 139.5209pt.
<./onto.png, id=9, 807.015pt x 744.7825pt>
File: ./onto.png Graphic file (type png)
<use ./onto.png>
Package pdftex.def Info: ./onto.png  used on input line 11.
(pdftex.def)             Requested size: 142.26378pt x 131.2935pt.
LaTeX Font Info:    Font shape `T1/ptm/bx/sc' in size <20.74> not available
(Font)              Font shape `T1/ptm/b/sc' tried instead on input line 25.

Overfull \hbox (32.22638pt too wide) in alignment at lines 4--37
[] []
 []

[1

{/usr/local/texlive/2019/texmf-var/fonts/map/pdftex/updmap/pdftex.map} <./eeng.png> <./onto.png>]) (./drafter-subtitulo.tex
File: ./eeng.png Graphic file (type png)
<use ./eeng.png>
Package pdftex.def Info: ./eeng.png  used on input line 10.
(pdftex.def)             Requested size: 154.5771pt x 139.5209pt.
File: ./onto.png Graphic file (type png)
<use ./onto.png>
Package pdftex.def Info: ./onto.png  used on input line 11.
(pdftex.def)             Requested size: 142.26378pt x 131.2935pt.

Overfull \hbox (32.22638pt too wide) in alignment at lines 4--33
[] []
 []

pdfTeX warning (ext4): destination with the same identifier (name{page.1}) has been already used, duplicate ignored
<to be read again> 
                   \relax 
l.49 \end{titlepage}
                     [1])
LaTeX Font Info:    Font shape `T1/ptm/bx/n' in size <24.88> not available
(Font)              Font shape `T1/ptm/b/n' tried instead on input line 126.
\tf@toc=\write6
\openout6 = `Drafter+-relatorio.toc'.

 (./drafter-executante.tex [2

]
Cap\'{\i }tulo 1.
LaTeX Font Info:    Try loading font information for OT1+ptm on input line 1.
(/usr/local/texlive/2019/texmf-dist/tex/latex/psnfss/ot1ptm.fd
File: ot1ptm.fd 2001/06/04 font definitions for OT1/ptm.
)
LaTeX Font Info:    Font shape `OT1/ptm/bx/n' in size <24.88> not available
(Font)              Font shape `OT1/ptm/b/n' tried instead on input line 1.
LaTeX Font Info:    Try loading font information for OMS+ptm on input line 12.
 (/usr/local/texlive/2019/texmf-dist/tex/latex/psnfss/omsptm.fd
File: omsptm.fd 
)
LaTeX Font Info:    Font shape `OMS/ptm/m/n' in size <12> not available
(Font)              Font shape `OMS/cmsy/m/n' tried instead on input line 12.
LaTeX Font Info:    Font shape `OMS/ptm/m/n' in size <10.95> not available
(Font)              Font shape `OMS/cmsy/m/n' tried instead on input line 24.
 [3

]
LaTeX Font Info:    Font shape `T1/ptm/bx/n' in size <17.28> not available
(Font)              Font shape `T1/ptm/b/n' tried instead on input line 26.
LaTeX Font Info:    Try loading font information for T1+pcr on input line 30.
 (/usr/local/texlive/2019/texmf-dist/tex/latex/psnfss/t1pcr.fd
File: t1pcr.fd 2001/06/04 font definitions for T1/pcr.
)) (./drafter-resumo.tex

Package Fancyhdr Warning: \headheight is too small (12.0pt): 
Make it at least 13.59999pt.
We now make it that large for the rest of the document.
This may cause the page layout to be inconsistent, however.

[4]
Cap\'{\i }tulo 2.
) (./drafter-introducao.tex [5

]
Cap\'{\i }tulo 3.
LaTeX Font Info:    Font shape `T1/ptm/bx/n' in size <12> not available
(Font)              Font shape `T1/ptm/b/n' tried instead on input line 18.

LaTeX Warning: Reference `tipologias' on page 6 undefined on input line 18.

[6

]

LaTeX Warning: Reference `requisitos' on page 7 undefined on input line 34.


Package Fancyhdr Warning: \headheight is too small (13.59999pt): 
Make it at least 13.9186pt.
We now make it that large for the rest of the document.
This may cause the page layout to be inconsistent, however.

[7]

LaTeX Warning: Reference `prototipo' on page 8 undefined on input line 65.

) (./drafter-tipologias.tex [8]
Cap\'{\i }tulo 4.
[9

]

LaTeX Warning: Citation `GuiaLegistica2019' on page 10 undefined on input line 44.

[10]
LaTeX Font Info:    Font shape `T1/ptm/bx/n' in size <14.4> not available
(Font)              Font shape `T1/ptm/b/n' tried instead on input line 72.
LaTeX Font Info:    External font `cmex10' loaded for size
(Font)              <14.4> on input line 72.
LaTeX Font Info:    External font `cmex10' loaded for size
(Font)              <7> on input line 72.
LaTeX Font Info:    Font shape `T1/ptm/bx/n' in size <10> not available
(Font)              Font shape `T1/ptm/b/n' tried instead on input line 72.
LaTeX Font Info:    External font `cmex10' loaded for size
(Font)              <10.95> on input line 81.


LaTeX Warning: Citation `VPCB2018' on page 11 undefined on input line 98.


LaTeX Warning: Reference `akn' on page 11 undefined on input line 98.

[11]
LaTeX Font Info:    External font `cmex10' loaded for size
(Font)              <5> on input line 131.
 [12] [13]
LaTeX Font Info:    Font shape `T1/ptm/bx/n' in size <8> not available
(Font)              Font shape `T1/ptm/b/n' tried instead on input line 197.
 [14] [15] [16] [17] [18]

LaTeX Warning: Citation `VPCB2018' on page 19 undefined on input line 456.

[19]
LaTeX Font Info:    Font shape `T1/pcr/bx/n' in size <12> not available
(Font)              Font shape `T1/pcr/b/n' tried instead on input line 486.


LaTeX Warning: Citation `Freed2012' on page 20 undefined on input line 486.


LaTeX Warning: Citation `Barabucci2010' on page 20 undefined on input line 499.


LaTeX Warning: Citation `NairobiDeclaration2005' on page 20 undefined on input line 500.

[20]

LaTeX Warning: Citation `Buie2012' on page 21 undefined on input line 505.


LaTeX Warning: Citation `Europarl2013' on page 21 undefined on input line 507.


LaTeX Warning: Citation `Bundestag2020' on page 21 undefined on input line 507.


LaTeX Warning: Citation `VoxPopuLII' on page 21 undefined on input line 508.


LaTeX Warning: Citation `AT4AMVideo' on page 21 undefined on input line 509.


LaTeX Warning: Citation `AT4AMWorld' on page 21 undefined on input line 509.


LaTeX Warning: Citation `CENMetaLex' on page 21 undefined on input line 513.


LaTeX Warning: Citation `AkomaNtosoUpdates2010' on page 21 undefined on input line 515.


LaTeX Warning: Citation `OASISLegalDocML' on page 21 undefined on input line 518.


LaTeX Warning: Citation `USLMGuide2013' on page 21 undefined on input line 520.


LaTeX Warning: Citation `LexMLBrasil2008' on page 21 undefined on input line 521.


LaTeX Warning: Citation `OGPUKNAP2015' on page 21 undefined on input line 527.


LaTeX Warning: Citation `AkomaNtosoBulkData2016' on page 21 undefined on input line 530.


LaTeX Warning: Citation `EGesetzgebung' on page 21 undefined on input line 533.


LaTeX Warning: Citation `LegalDocMLDE' on page 21 undefined on input line 534.


LaTeX Warning: Citation `Flatt2022' on page 21 undefined on input line 534.

[21]

LaTeX Warning: Citation `AkomaNtosoStandard2020' on page 22 undefined on input line 548.


LaTeX Warning: Citation `AkomaNtoso2018' on page 22 undefined on input line 558.

) (./drafter-requisitos.tex [22]
Cap\'{\i }tulo 5.

LaTeX Warning: Reference `prototipo' on page 23 undefined on input line 5.

[23

]

LaTeX Warning: Citation `VPCB2018' on page 24 undefined on input line 34.


LaTeX Warning: Reference `modelos' on page 24 undefined on input line 35.


LaTeX Warning: Reference `akn' on page 24 undefined on input line 41.


LaTeX Warning: Reference `akn' on page 24 undefined on input line 48.

[24]

LaTeX Warning: Citation `ELI' on page 25 undefined on input line 84.

[25]

LaTeX Warning: Citation `ECLI' on page 26 undefined on input line 109.


LaTeX Warning: Citation `owl' on page 26 undefined on input line 134.


LaTeX Warning: Citation `owl2' on page 26 undefined on input line 134.

[26] [27]

LaTeX Warning: Citation `EIF' on page 28 undefined on input line 181.


LaTeX Warning: Reference `bases_legis' on page 28 undefined on input line 191.


LaTeX Warning: Reference `bases_jurisprud' on page 28 undefined on input line 197.


LaTeX Warning: Citation `AkomaNtoso2018' on page 28 undefined on input line 200.

[28]

LaTeX Warning: Citation `PFPD22' on page 29 undefined on input line 233.

[29] [30] [31] [32] [33]
Overfull \hbox (10.48248pt too wide) in paragraph at lines 433--435
[]\T1/ptm/m/n/12 Usar \T1/ptm/m/it/12 'lin-gua-gens ar-ti-fi-ci-ais/formais' \T1/ptm/m/n/12 È usar um sub-con-junto da lin-gua-gem na-tu-ral (Chomsky
 []


LaTeX Warning: Citation `PFPD22' on page 34 undefined on input line 446.

[34] [35] [36] [37]) (./drafter-leos.tex [38]
Cap\'{\i }tulo 6.
[39

] [40] [41] [42]
Overfull \hbox (3.5628pt too wide) in paragraph at lines 148--153
[][]\T1/pcr/m/n/12 \leos\modules\ui-angular\src\config\global.ts[]\T1/ptm/m/n/12 , de modo a in-cluir o fi-cheiro
 []


Overfull \hbox (19.85689pt too wide) in paragraph at lines 148--153
\T1/ptm/m/n/12 lista das \T1/ptm/m/it/12 lan-gua-ges\T1/ptm/m/n/12 , que faz parte do ob-jeto i18n. Foi ainda al-te-rado o atri-buto \T1/pcr/m/n/12 defaultLanguage
 []

[43]
Overfull \hbox (7.31712pt too wide) in paragraph at lines 177--181
[]\T1/ptm/m/n/12 No LEOS, os mo-de-los de atos nor-ma-ti-vos s„o re-pre-sen-ta-dos no for-mato \T1/pcr/m/n/12 Akoma Ntoso (AKN)
 []


LaTeX Warning: Reference `fig-catalog' on page 44 undefined on input line 222.

<./imagens/catalog2.png, id=299, 564.30824pt x 554.07pt>
File: ./imagens/catalog2.png Graphic file (type png)
<use ./imagens/catalog2.png>
Package pdftex.def Info: ./imagens/catalog2.png  used on input line 224.
(pdftex.def)             Requested size: 284.52756pt x 279.37619pt.
[44] [45 <./imagens/catalog2.png>]
<./imagens/leos_lista02.png, id=311, 666.69075pt x 470.9595pt>
File: ./imagens/leos_lista02.png Graphic file (type png)
<use ./imagens/leos_lista02.png>
Package pdftex.def Info: ./imagens/leos_lista02.png  used on input line 264.
(pdftex.def)             Requested size: 426.79134pt x 301.48491pt.
<./imagens/leos_lei.png, id=312, 440.847pt x 418.56375pt>
File: ./imagens/leos_lei.png Graphic file (type png)
<use ./imagens/leos_lei.png>
Package pdftex.def Info: ./imagens/leos_lei.png  used on input line 266.
(pdftex.def)             Requested size: 284.52756pt x 270.1408pt.
) (./plano_projeto.tex [46 <./imagens/leos_lista02.png>] [47 <./imagens/leos_lei.png>]
Cap\'{\i }tulo 7.
[48

]
Underfull \hbox (badness 1527) in paragraph at lines 37--39
[]|\T1/ptm/m/n/12 RealizaÁ„o de reu-niıes se-ma-nais com
 []


Underfull \hbox (badness 2538) in paragraph at lines 47--48
[]|\T1/ptm/m/n/12 Tickets ou re-la-
 []


Overfull \hbox (34.54724pt too wide) in alignment at lines 33--49
 [] [] [] [] 
 []


Underfull \vbox (badness 10000) detected at line 49
 []


Underfull \hbox (badness 3954) in paragraph at lines 71--72
\T1/ptm/m/n/12 LEOS para es-cla-re-ci-men-tos e al-gum
 []


Underfull \hbox (badness 1708) in paragraph at lines 76--76
[]|\T1/ptm/m/n/12 EspecificaÁ„o de um or-ques-tra-Á„o em
 []


Overfull \hbox (34.54724pt too wide) in alignment at lines 67--81
 [] [] [] [] 
 []


Underfull \vbox (badness 10000) detected at line 81
 []

[49]
Underfull \hbox (badness 1496) in paragraph at lines 102--103
[]|\T1/ptm/m/n/12 Estudo do XML e da norma Akoma
 []


Overfull \hbox (34.54724pt too wide) in alignment at lines 98--121
 [] [] [] [] 
 []


Underfull \vbox (badness 10000) detected at line 121
 []

[50]
Overfull \hbox (34.54724pt too wide) in alignment at lines 139--153
 [] [] [] [] 
 []


Underfull \vbox (badness 10000) detected at line 153
 []


Overfull \hbox (34.54724pt too wide) in alignment at lines 170--187
 [] [] [] [] 
 []


Underfull \vbox (badness 10000) detected at line 187
 []

[51]
Underfull \hbox (badness 1490) in paragraph at lines 211--211
[]|\T1/ptm/m/n/12 EspecificaÁ„o dos ca-sos de
 []


Overfull \hbox (34.54724pt too wide) in alignment at lines 205--225
 [] [] [] [] 
 []


Underfull \vbox (badness 10000) detected at line 225
 []

[52]
Underfull \hbox (badness 1769) in paragraph at lines 250--251
\T1/ptm/m/n/12 com o fe-ed-back
 []


Underfull \hbox (badness 3989) in paragraph at lines 252--252
[]|\T1/ptm/m/n/12 Ajustes/correÁıes na pla-ta-
 []


Overfull \hbox (34.54724pt too wide) in alignment at lines 246--254
 [] [] [] [] 
 []


Underfull \vbox (badness 10000) detected at line 254
 []

LaTeX Font Info:    Font shape `T1/ptm/bx/it' in size <14.4> not available
(Font)              Font shape `T1/ptm/b/it' tried instead on input line 257.

Underfull \hbox (badness 5548) in paragraph at lines 276--276
[]|\T1/ptm/m/n/12 Estudo de al-gu-mas me-to-
 []


Underfull \hbox (badness 10000) in paragraph at lines 276--276
\T1/ptm/m/n/12 do-lo-gias a ser apli-ca-das:
 []


Underfull \hbox (badness 6236) in paragraph at lines 281--281
[]|\T1/ptm/m/n/12 ImplementaÁ„o no sis-tema
 []


Overfull \hbox (34.54724pt too wide) in alignment at lines 272--287
 [] [] [] [] 
 []


Underfull \vbox (badness 10000) detected at line 287
 []

[53]
Overfull \hbox (65.16765pt too wide) in paragraph at lines 337--347
 [][] 
 []

./plano_projeto.tex:370: Missing } inserted.
<inserted text> 
                }
l.370 ...anttgroup{WP1: Gest√£o do Projeto}{1}{12}
                                                   \\ % Group
I've inserted something that you may have forgotten.
(See the <inserted text> above.)
With luck, this will get me unwedged. But if you
really didn't forget anything, try typing `2' now; then
my insertion and my current dilemma will both disappear.

./plano_projeto.tex:371: Missing } inserted.
<inserted text> 
                }
l.371   \ganttbar{1.1 Acompanhamento}{1}{12}
                                             \\ % Task
I've inserted something that you may have forgotten.
(See the <inserted text> above.)
With luck, this will get me unwedged. But if you
really didn't forget anything, try typing `2' now; then
my insertion and my current dilemma will both disappear.

./plano_projeto.tex:372: Missing } inserted.
<inserted text> 
                }
l.372   \ganttbar{1.2 Reuni√µes}{3}{3}
                                       % Task
I've inserted something that you may have forgotten.
(See the <inserted text> above.)
With luck, this will get me unwedged. But if you
really didn't forget anything, try typing `2' now; then
my insertion and my current dilemma will both disappear.

./plano_projeto.tex:376: Missing } inserted.
<inserted text> 
                }
l.376 ...nttbar{1.3 Controlo de Qualidade}{11}{12}
                                                   \\ % Task
I've inserted something that you may have forgotten.
(See the <inserted text> above.)
With luck, this will get me unwedged. But if you
really didn't forget anything, try typing `2' now; then
my insertion and my current dilemma will both disappear.

./plano_projeto.tex:377: Missing } inserted.
<inserted text> 
                }
l.377 ...nttgroup{WP2: Instala√ß√£o do LEOS}{1}{1}
                                                   \\ % Group
I've inserted something that you may have forgotten.
(See the <inserted text> above.)
With luck, this will get me unwedged. But if you
really didn't forget anything, try typing `2' now; then
my insertion and my current dilemma will both disappear.

./plano_projeto.tex:378: Missing } inserted.
<inserted text> 
                }
l.378   \ganttbar{2.1 Instala√ß√£o do LEOS}{1}{1}
                                                  \\ % Task
I've inserted something that you may have forgotten.
(See the <inserted text> above.)
With luck, this will get me unwedged. But if you
really didn't forget anything, try typing `2' now; then
my insertion and my current dilemma will both disappear.

./plano_projeto.tex:379: Missing } inserted.
<inserted text> 
                }
l.379   \ganttbar{2.2 Idioma}{1}{1}
                                    \\% Task
I've inserted something that you may have forgotten.
(See the <inserted text> above.)
With luck, this will get me unwedged. But if you
really didn't forget anything, try typing `2' now; then
my insertion and my current dilemma will both disappear.

./plano_projeto.tex:380: Missing } inserted.
<inserted text> 
                }
l.380   \ganttgroup{WP3: Modelos}{2}{5}
                                        \\ % Group
I've inserted something that you may have forgotten.
(See the <inserted text> above.)
With luck, this will get me unwedged. But if you
really didn't forget anything, try typing `2' now; then
my insertion and my current dilemma will both disappear.

./plano_projeto.tex:381: Missing } inserted.
<inserted text> 
                }
l.381   \ganttbar{3.1 Estudo do AKN}{2}{2}
                                           \\ % Task
I've inserted something that you may have forgotten.
(See the <inserted text> above.)
With luck, this will get me unwedged. But if you
really didn't forget anything, try typing `2' now; then
my insertion and my current dilemma will both disappear.

./plano_projeto.tex:382: Missing } inserted.
<inserted text> 
                }
l.382   \ganttbar{3.2 Tipologias AKN}{2}{3}
                                            \\% Task
I've inserted something that you may have forgotten.
(See the <inserted text> above.)
With luck, this will get me unwedged. But if you
really didn't forget anything, try typing `2' now; then
my insertion and my current dilemma will both disappear.

./plano_projeto.tex:383: Missing } inserted.
<inserted text> 
                }
l.383   \ganttbar{3.3 Invariantes}{3}{3}
                                         \\% Task
I've inserted something that you may have forgotten.
(See the <inserted text> above.)
With luck, this will get me unwedged. But if you
really didn't forget anything, try typing `2' now; then
my insertion and my current dilemma will both disappear.

./plano_projeto.tex:384: Missing } inserted.
<inserted text> 
                }
l.384   \ganttbar{3.4 Regras de Interface}{3}{3}
                                                 \\% Task
I've inserted something that you may have forgotten.
(See the <inserted text> above.)
With luck, this will get me unwedged. But if you
really didn't forget anything, try typing `2' now; then
my insertion and my current dilemma will both disappear.

./plano_projeto.tex:385: Missing } inserted.
<inserted text> 
                }
l.385 ...anttbar{3.5 Configura√ß√£o do LEOS}{4}{4}
                                                   \\% Task
I've inserted something that you may have forgotten.
(See the <inserted text> above.)
With luck, this will get me unwedged. But if you
really didn't forget anything, try typing `2' now; then
my insertion and my current dilemma will both disappear.

./plano_projeto.tex:386: Missing } inserted.
<inserted text> 
                }
l.386 ...r{3.6 Desenvolvimento da Interface}{4}{5}
                                                   \\% Task
I've inserted something that you may have forgotten.
(See the <inserted text> above.)
With luck, this will get me unwedged. But if you
really didn't forget anything, try typing `2' now; then
my insertion and my current dilemma will both disappear.

./plano_projeto.tex:387: Missing } inserted.
<inserted text> 
                }
l.387   \ganttbar{3.7 Controlo da Qualidade}{5}{5}
                                                   \\% Task
I've inserted something that you may have forgotten.
(See the <inserted text> above.)
With luck, this will get me unwedged. But if you
really didn't forget anything, try typing `2' now; then
my insertion and my current dilemma will both disappear.

./plano_projeto.tex:388: Missing } inserted.
<inserted text> 
                }
l.388 ...WP4: Autentica√ß√£o e utilizadores}{5}{6}
                                                   \\ % Group
I've inserted something that you may have forgotten.
(See the <inserted text> above.)
With luck, this will get me unwedged. But if you
really didn't forget anything, try typing `2' now; then
my insertion and my current dilemma will both disappear.

./plano_projeto.tex:389: Missing } inserted.
<inserted text> 
                }
l.389   \ganttbar{4.1 Autentica√ß√£o.gov}{5}{5}
                                                \\ % Task
I've inserted something that you may have forgotten.
(See the <inserted text> above.)
With luck, this will get me unwedged. But if you
really didn't forget anything, try typing `2' now; then
my insertion and my current dilemma will both disappear.

./plano_projeto.tex:390: Missing } inserted.
<inserted text> 
                }
l.390 ...anttbar{4.2 Outras autentica√ß√µes}{5}{5}
                                                   \\% Task
I've inserted something that you may have forgotten.
(See the <inserted text> above.)
With luck, this will get me unwedged. But if you
really didn't forget anything, try typing `2' now; then
my insertion and my current dilemma will both disappear.

./plano_projeto.tex:391: Missing } inserted.
<inserted text> 
                }
l.391 ...tbar{4.3 Interfaces (utilizadores)}{5}{6}
                                                   \\% Task
I've inserted something that you may have forgotten.
(See the <inserted text> above.)
With luck, this will get me unwedged. But if you
really didn't forget anything, try typing `2' now; then
my insertion and my current dilemma will both disappear.

./plano_projeto.tex:392: Missing } inserted.
<inserted text> 
                }
l.392   \ganttbar{4.4 Controlo da Qualidade}{6}{6}
                                                   \\% Task
I've inserted something that you may have forgotten.
(See the <inserted text> above.)
With luck, this will get me unwedged. But if you
really didn't forget anything, try typing `2' now; then
my insertion and my current dilemma will both disappear.

./plano_projeto.tex:393: Missing } inserted.
<inserted text> 
                }
l.393   \ganttgroup{WP5: Integra√ß√µes}{7}{9}
                                              \\ % Group
I've inserted something that you may have forgotten.
(See the <inserted text> above.)
With luck, this will get me unwedged. But if you
really didn't forget anything, try typing `2' now; then
my insertion and my current dilemma will both disappear.

./plano_projeto.tex:394: Missing } inserted.
<inserted text> 
                }
l.394 ...ttbar{5.1 Integra√ß√£o c/ worflows}{7}{7}
                                                   \\ % Task
I've inserted something that you may have forgotten.
(See the <inserted text> above.)
With luck, this will get me unwedged. But if you
really didn't forget anything, try typing `2' now; then
my insertion and my current dilemma will both disappear.

./plano_projeto.tex:395: Missing } inserted.
<inserted text> 
                }
l.395   \ganttbar{5.2 Integra√ß√£o c/ o DR}{8}{8}
                                                  \\% Task
I've inserted something that you may have forgotten.
(See the <inserted text> above.)
With luck, this will get me unwedged. But if you
really didn't forget anything, try typing `2' now; then
my insertion and my current dilemma will both disappear.

./plano_projeto.tex:396: Missing } inserted.
<inserted text> 
                }
l.396 ....3 Integra√ß√£o c/ jurisorud√™ncia}{9}{9}
                                                   \\% Task
I've inserted something that you may have forgotten.
(See the <inserted text> above.)
With luck, this will get me unwedged. But if you
really didn't forget anything, try typing `2' now; then
my insertion and my current dilemma will both disappear.

./plano_projeto.tex:397: Missing } inserted.
<inserted text> 
                }
l.397   \ganttbar{5.4 Controlo da Qualidade}{9}{9}
                                                   \\% Task
I've inserted something that you may have forgotten.
(See the <inserted text> above.)
With luck, this will get me unwedged. But if you
really didn't forget anything, try typing `2' now; then
my insertion and my current dilemma will both disappear.

./plano_projeto.tex:398: Missing } inserted.
<inserted text> 
                }
l.398 ...group{WP6: Avalia√ß√£o de Impacto}{4}{10}
                                                   \\ % Group
I've inserted something that you may have forgotten.
(See the <inserted text> above.)
With luck, this will get me unwedged. But if you
really didn't forget anything, try typing `2' now; then
my insertion and my current dilemma will both disappear.

./plano_projeto.tex:399: Missing } inserted.
<inserted text> 
                }
l.399 ...bar{6.1 Levantamento de requisitos}{4}{5}
                                                   \\ % Task
I've inserted something that you may have forgotten.
(See the <inserted text> above.)
With luck, this will get me unwedged. But if you
really didn't forget anything, try typing `2' now; then
my insertion and my current dilemma will both disappear.

./plano_projeto.tex:400: Missing } inserted.
<inserted text> 
                }
l.400   \ganttbar{6.2 Casos de uso}{5}{5}
                                          \\% Task
I've inserted something that you may have forgotten.
(See the <inserted text> above.)
With luck, this will get me unwedged. But if you
really didn't forget anything, try typing `2' now; then
my insertion and my current dilemma will both disappear.

./plano_projeto.tex:401: Missing } inserted.
<inserted text> 
                }
l.401   \ganttbar{6.3 Modelo de Dados}{5}{5}
                                             \\% Task
I've inserted something that you may have forgotten.
(See the <inserted text> above.)
With luck, this will get me unwedged. But if you
really didn't forget anything, try typing `2' now; then
my insertion and my current dilemma will both disappear.

./plano_projeto.tex:402: Missing } inserted.
<inserted text> 
                }
l.402 ...ttbar{6.4 Modela√ß√£o da interface}{5}{6}
                                                   \\% Task
I've inserted something that you may have forgotten.
(See the <inserted text> above.)
With luck, this will get me unwedged. But if you
really didn't forget anything, try typing `2' now; then
my insertion and my current dilemma will both disappear.

./plano_projeto.tex:403: Missing } inserted.
<inserted text> 
                }
l.403   \ganttbar{6.5 Desenvolvimento}{6}{10}
                                              \\% Task
I've inserted something that you may have forgotten.
(See the <inserted text> above.)
With luck, this will get me unwedged. But if you
really didn't forget anything, try typing `2' now; then
my insertion and my current dilemma will both disappear.

./plano_projeto.tex:404: Missing } inserted.
<inserted text> 
                }
l.404 ...nttbar{6.6 Controlo da Qualidade}{10}{10}
                                                   % Task
I've inserted something that you may have forgotten.
(See the <inserted text> above.)
With luck, this will get me unwedged. But if you
really didn't forget anything, try typing `2' now; then
my insertion and my current dilemma will both disappear.

./plano_projeto.tex:426: Missing } inserted.
<inserted text> 
                }
l.426   \ganttgroup{WP7: Testes}{4}{10}
                                        \\ % Group
I've inserted something that you may have forgotten.
(See the <inserted text> above.)
With luck, this will get me unwedged. But if you
really didn't forget anything, try typing `2' now; then
my insertion and my current dilemma will both disappear.

./plano_projeto.tex:427: Missing } inserted.
<inserted text> 
                }
l.427   \ganttbar{7.1 Testes finais}{11}{11}
                                             \\ % Task
I've inserted something that you may have forgotten.
(See the <inserted text> above.)
With luck, this will get me unwedged. But if you
really didn't forget anything, try typing `2' now; then
my insertion and my current dilemma will both disappear.

./plano_projeto.tex:428: Missing } inserted.
<inserted text> 
                }
l.428   \ganttbar{7.2 Ajustes/corre√ß√µes}{11}{11}
                                                   \\% Task
I've inserted something that you may have forgotten.
(See the <inserted text> above.)
With luck, this will get me unwedged. But if you
really didn't forget anything, try typing `2' now; then
my insertion and my current dilemma will both disappear.

./plano_projeto.tex:429: Missing } inserted.
<inserted text> 
                }
l.429 ...anttgroup{WP8: Introdu√ß√£o de IA}{6}{12}
                                                   \\ % Group
I've inserted something that you may have forgotten.
(See the <inserted text> above.)
With luck, this will get me unwedged. But if you
really didn't forget anything, try typing `2' now; then
my insertion and my current dilemma will both disappear.

./plano_projeto.tex:430: Missing } inserted.
<inserted text> 
                }
l.430   \ganttbar{8.1 Estudo de algoritmos}{6}{7}
                                                  \\ % Task
I've inserted something that you may have forgotten.
(See the <inserted text> above.)
With luck, this will get me unwedged. But if you
really didn't forget anything, try typing `2' now; then
my insertion and my current dilemma will both disappear.

./plano_projeto.tex:431: Missing } inserted.
<inserted text> 
                }
l.431   \ganttbar{8.2 Aplica√ß√£o no DR}{8}{9}
                                               \\% Task
I've inserted something that you may have forgotten.
(See the <inserted text> above.)
With luck, this will get me unwedged. But if you
really didn't forget anything, try typing `2' now; then
my insertion and my current dilemma will both disappear.

./plano_projeto.tex:432: Missing } inserted.
<inserted text> 
                }
l.432 ...lica√ß√£o nas BD jurisorud√™ncia}{10}{10}
                                                   \\% Task
I've inserted something that you may have forgotten.
(See the <inserted text> above.)
With luck, this will get me unwedged. But if you
really didn't forget anything, try typing `2' now; then
my insertion and my current dilemma will both disappear.

./plano_projeto.tex:433: Missing } inserted.
<inserted text> 
                }
l.433 ...nttbar{8.4 Controlo da Qualidade}{11}{11}
                                                   % Task
I've inserted something that you may have forgotten.
(See the <inserted text> above.)
With luck, this will get me unwedged. But if you
really didn't forget anything, try typing `2' now; then
my insertion and my current dilemma will both disappear.

[54] [55]

LaTeX Warning: `!h' float specifier changed to `!ht'.

) (./Drafter+-relatorio.bbl [56] [57] [58

]
Underfull \hbox (badness 10000) in paragraph at lines 62--66
\T1/pcr/m/n/12 content _ european _ case _ law _ identifier _ ecli-[]175-[]en . do$[][]\T1/ptm/m/n/12 .
 []


Underfull \hbox (badness 10000) in paragraph at lines 73--77
[]\T1/ptm/m/n/12 Framework eu-ro-peia de in-te-ro-pe-ra-bi-li-dade.  [][]$\T1/pcr/m/n/12 https :
 []


Underfull \hbox (badness 10000) in paragraph at lines 73--77
\T1/pcr/m/n/12 / / joinup . ec . europa . eu / collection /
 []


Underfull \hbox (badness 10000) in paragraph at lines 73--77
\T1/pcr/m/n/12 nifo-[]national-[]interoperability-[]framework-[]observatory /
 []


Underfull \hbox (badness 10000) in paragraph at lines 84--89
[]\T1/ptm/m/n/12 Parliaments able to save time thanks to free ep tool
 []


Underfull \hbox (badness 10000) in paragraph at lines 84--89
\T1/ptm/m/n/12 for ma-na-ging amend-ments.  [][]$\T1/pcr/m/n/12 https : / / www . europarl .
 []


Underfull \hbox (badness 10000) in paragraph at lines 84--89
\T1/pcr/m/n/12 europa . eu / news / en / press-[]room / 20130320STO06633 /
 []


Overfull \hbox (170.60551pt too wide) in paragraph at lines 84--89
\T1/pcr/m/n/12 parliaments-[]able-[]to-[]save-[]time-[]thanks-[]to-[]free-[]ep-[]tool-[]for-[]managing-[]amendments$[][]\T1/ptm/m/n/12 ,
 []

[59]
Underfull \hbox (badness 10000) in paragraph at lines 135--142
[]\T1/ptm/m/n/12 Monica Pal-mi-rani, Fa-bio Vi-tali, Willy Van Puym-bro-eck, and
 []


Underfull \hbox (badness 10000) in paragraph at lines 135--142
\T1/ptm/m/n/12 Fer-nando Nu-bla Du-rango.  Draf-ting le-gis-la-tion in the era of
 []


Underfull \hbox (badness 10000) in paragraph at lines 135--142
\T1/ptm/m/n/12 ai and di-gi-ti-sa-tion.  [][]$\T1/pcr/m/n/12 https : / / joinup . ec . europa . eu /
 []


Underfull \hbox (badness 10000) in paragraph at lines 135--142
\T1/pcr/m/n/12 collection / justice-[]law-[]and-[]security / solution /
 []


Underfull \hbox (badness 10000) in paragraph at lines 135--142
\T1/pcr/m/n/12 leos-[]open-[]source-[]software-[]editing-[]legislation /
 []


Overfull \hbox (1.50558pt too wide) in paragraph at lines 135--142
\T1/pcr/m/n/12 document / drafting-[]legislation-[]era-[]ai-[]and-[]digitisation$[][]\T1/ptm/m/n/12 ,
 []


Underfull \hbox (badness 1728) in paragraph at lines 157--161
[]\T1/ptm/m/n/12 At4am: the xml web edi-tor used by mem-bers of eu-ro-pean par-li-a-ment.
 []


Underfull \hbox (badness 10000) in paragraph at lines 157--161
[][]$\T1/pcr/m/n/12 https : / / blog . law . cornell . edu / voxpop / 2012 / 01 / 17 /
 []


Overfull \hbox (83.20555pt too wide) in paragraph at lines 157--161
\T1/pcr/m/n/12 at4am-[]the-[]xml-[]web-[]editor-[]used-[]by-[]members-[]of-[]european-[]parliament/$[][]\T1/ptm/m/n/12 .
 []


Underfull \hbox (badness 6094) in paragraph at lines 175--179
[]\T1/ptm/m/n/12 World Wide Web Con-sor-tium (W3C).  Owl 2 web on-to-logy lan-
 []

) [60]
Package atveryend Info: Empty hook `BeforeClearDocument' on input line 154.
Package atveryend Info: Empty hook `AfterLastShipout' on input line 154.
 (./Drafter+-relatorio.aux)
Package atveryend Info: Executing hook `AtVeryEndDocument' on input line 154.
Package atveryend Info: Executing hook `AtEndAfterFileList' on input line 154.


Package rerunfilecheck Warning: File `Drafter+-relatorio.out' has changed.
(rerunfilecheck)                Rerun to get outlines right
(rerunfilecheck)                or use package `bookmark'.

Package rerunfilecheck Info: Checksums for `Drafter+-relatorio.out':
(rerunfilecheck)             Before: <no file>
(rerunfilecheck)             After:  B94EF2016AE10E1691912EC5256DECBC;4557.

LaTeX Warning: There were undefined references.


LaTeX Warning: Label(s) may have changed. Rerun to get cross-references right.

 ) 
Here is how much of TeX's memory you used:
 20403 strings out of 492616
 395942 string characters out of 6129481
 513759 words of memory out of 5000000
 23706 multiletter control sequences out of 15000+600000
 77572 words of font info for 85 fonts, out of 8000000 for 9000
 1141 hyphenation exceptions out of 8191
 62i,16n,67p,963b,836s stack positions out of 5000i,500n,10000p,200000b,80000s
{/usr/local/texlive/2019/texmf-dist/fonts/enc/dvips/base/8r.enc}</usr/local/texlive/2019/texmf-dist/fonts/type1/public/amsfonts/cm/cmr8.pfb></usr/local/texlive/2019/texmf-dist/fonts/type1/public/amsfonts/cm/cmsy10.pfb></usr/local/texlive/2019/texmf-dist/fonts/type1/urw/courier/ucrb8a.pfb></usr/local/texlive/2019/texmf-dist/fonts/type1/urw/courier/ucrr8a.pfb></usr/local/texlive/2019/texmf-dist/fonts/type1/urw/times/utmb8a.pfb></usr/local/texlive/2019/texmf-dist/fonts/type1/urw/times/utmbi8a.pfb></usr/local/texlive/2019/texmf-dist/fonts/type1/urw/times/utmr8a.pfb></usr/local/texlive/2019/texmf-dist/fonts/type1/urw/times/utmri8a.pfb>
Output written on Drafter+-relatorio.pdf (61 pages, 738840 bytes).
PDF statistics:
 534 PDF objects out of 1000 (max. 8388607)
 448 compressed objects within 5 object streams
 192 named destinations out of 1000 (max. 500000)
 38 words of extra memory for PDF output out of 10000 (max. 10000000)

